Microsoft HTML Help Compiler 4.73.8198

Compiling d:\Projects\Currents2D3D\help\currents2d3d.chm

HHC5003: Error: Compilation failed while compiling Table of Contents.hhc.
HHC5003: Error: Compilation failed while compiling Index.hhk.


The following files were not compiled:
Table of Contents.hhc
Index.hhk
Microsoft HTML Help Compiler 4.73.8198

Compiling d:\Projects\Currents2D3D\help\currents2d3d.chm


User aborted compile.
Microsoft HTML Help Compiler 4.73.8198

Compiling d:\Projects\Currents2D3D\help\currents2d3d.chm


Compile time: 0 minutes, 1 second
7	Topics
6	Local links
7	Internet links
2	Graphics


Created d:\Projects\Currents2D3D\help\currents2d3d.chm, 37,585 bytes
Compression increased file by 2,270 bytes.
Microsoft HTML Help Compiler 4.73.8198

Compiling d:\Projects\Currents2D3D\help\currents2d3d.chm


Compile time: 0 minutes, 1 second
7	Topics
6	Local links
7	Internet links
2	Graphics


Created d:\Projects\Currents2D3D\help\currents2d3d.chm, 37,585 bytes
Compression increased file by 2,270 bytes.
